#
# A fatal error has been detected by the Java Runtime Environment:
#
#  EXCEPTION_ACCESS_VIOLATION (0xc0000005) at pc=0x5856d35b, pid=8872, tid=11528
#
# JRE version: Java(TM) SE Runtime Environment (7.0_45-b18) (build 1.7.0_45-b18)
# Java VM: Java HotSpot(TM) Client VM (24.45-b08 mixed mode windows-x86 )
# Problematic frame:
# V  [jvm.dll+0xdd35b]
#
# Failed to write core dump. Minidumps are not enabled by default on client versions of Windows
#
# If you would like to submit a bug report, please visit:
#   http://bugreport.sun.com/bugreport/crash.jsp
#

---------------  T H R E A D  ---------------

Current thread (0x17c98800):  JavaThread "JDWP Transport Listener: dt_socket" daemon [_thread_in_vm, id=11528, stack(0x18520000,0x18570000)]

siginfo: ExceptionCode=0xc0000005, reading address 0x6f6d6544

Registers:
EAX=0x6f6d6544, EBX=0x00000000, ECX=0x6f6d6544, EDX=0x00000000
ESP=0x1856f1e4, EBP=0x1856f1e8, ESI=0x003975e8, EDI=0x1856f2c8
EIP=0x5856d35b, EFLAGS=0x00010206

Top of Stack: (sp=0x1856f1e4)
0x1856f1e4:   003975e8 1856f210 5869e04a 6f6d6544
0x1856f1f4:   1856f24b 17c98800 00000000 00000000
0x1856f204:   00000000 17c98800 17c98800 1856f24c
0x1856f214:   58319d9d 003975e8 6f6d6544 1856f24b
0x1856f224:   6f6d6544 5830436d 6f6d6544 1856f24b
0x1856f234:   00000002 00000000 00000000 00000009
0x1856f244:   00000000 00c59914 1856f26c 583044e0
0x1856f254:   00000001 1856f288 1856f2c4 17cf1628 

Instructions: (pc=0x5856d35b)
0x5856d33b:   89 4f 04 8b 56 0c 89 57 08 8b 46 10 89 47 0c 5f
0x5856d34b:   5e 5d c2 0c 00 55 8b ec 8b 45 08 56 85 c0 74 28
0x5856d35b:   8b 30 85 f6 74 22 81 fe fe fe fe fe 74 1a 8b 4e
0x5856d36b:   04 8b 41 08 8b 90 90 00 00 00 83 c1 08 ff d2 84 


Register to memory mapping:

EAX=0x6f6d6544 is an unknown value
EBX=0x00000000 is an unknown value
ECX=0x6f6d6544 is an unknown value
EDX=0x00000000 is an unknown value
ESP=0x1856f1e4 is pointing into the stack for thread: 0x17c98800
EBP=0x1856f1e8 is pointing into the stack for thread: 0x17c98800
ESI=0x003975e8 is an unknown value
EDI=0x1856f2c8 is pointing into the stack for thread: 0x17c98800


Stack: [0x18520000,0x18570000],  sp=0x1856f1e4,  free space=316k
Native frames: (J=compiled Java code, j=interpreted, Vv=VM code, C=native code)
V  [jvm.dll+0xdd35b]
V  [jvm.dll+0x20e04a]
C  [jdwp.dll+0x19d9d]
C  [jdwp.dll+0x44e0]
C  [jdwp.dll+0x451e]


---------------  P R O C E S S  ---------------

Java Threads: ( => current thread )
  0x17d3c800 JavaThread "ReaderThread" [_thread_in_native, id=316, stack(0x18ca0000,0x18cf0000)]
  0x17cb5400 JavaThread "Service Thread" daemon [_thread_blocked, id=11688, stack(0x18240000,0x18290000)]
  0x17cb2800 JavaThread "C1 CompilerThread0" daemon [_thread_blocked, id=8072, stack(0x18350000,0x183a0000)]
  0x17ca4400 JavaThread "JDWP Command Reader" daemon [_thread_in_native, id=12036, stack(0x18970000,0x189c0000)]
  0x17ca3000 JavaThread "JDWP Event Helper Thread" daemon [_thread_blocked, id=10844, stack(0x188e0000,0x18930000)]
=>0x17c98800 JavaThread "JDWP Transport Listener: dt_socket" daemon [_thread_in_vm, id=11528, stack(0x18520000,0x18570000)]
  0x17c93000 JavaThread "Attach Listener" daemon [_thread_blocked, id=1272, stack(0x181a0000,0x181f0000)]
  0x17c90000 JavaThread "Signal Dispatcher" daemon [_thread_blocked, id=11632, stack(0x18060000,0x180b0000)]
  0x17c56000 JavaThread "Finalizer" daemon [_thread_blocked, id=9376, stack(0x17e50000,0x17ea0000)]
  0x17c50c00 JavaThread "Reference Handler" daemon [_thread_blocked, id=10480, stack(0x17fd0000,0x18020000)]
  0x0039c400 JavaThread "main" [_thread_blocked, id=11896, stack(0x01b40000,0x01b90000)]

Other Threads:
  0x17c4f800 VMThread [stack: 0x17ec0000,0x17f10000] [id=11880]
  0x17cc6c00 WatcherThread [stack: 0x18130000,0x18180000] [id=10740]

VM state:not at safepoint (normal execution)

VM Mutex/Monitor currently owned by a thread: None

Heap
 def new generation   total 4928K, used 1986K [0x03b90000, 0x040e0000, 0x090e0000)
  eden space 4416K,  44% used [0x03b90000, 0x03d80a30, 0x03fe0000)
  from space 512K,   0% used [0x03fe0000, 0x03fe0000, 0x04060000)
  to   space 512K,   0% used [0x04060000, 0x04060000, 0x040e0000)
 tenured generation   total 10944K, used 0K [0x090e0000, 0x09b90000, 0x13b90000)
   the space 10944K,   0% used [0x090e0000, 0x090e0000, 0x090e0200, 0x09b90000)
 compacting perm gen  total 12288K, used 2959K [0x13b90000, 0x14790000, 0x17b90000)
   the space 12288K,  24% used [0x13b90000, 0x13e73c80, 0x13e73e00, 0x14790000)
No shared spaces configured.

Card table byte_map: [0x17b90000,0x17c40000] byte_map_base: 0x17b72380

Polling page: 0x00100000

Code Cache  [0x01b90000, 0x01c30000, 0x03b90000)
 total_blobs=171 nmethods=40 adapters=76 free_code_cache=32132Kb largest_free_block=32903680

Compilation events (10 events):
Event: 0.973 Thread 0x17cb2800   36             java.lang.StringBuilder::append (8 bytes)
Event: 0.973 Thread 0x17cb2800 nmethod 36 0x01c2d908 code [0x01c2da00, 0x01c2da9c]
Event: 0.973 Thread 0x17cb2800   37             java.lang.StringBuilder::append (8 bytes)
Event: 0.974 Thread 0x17cb2800 nmethod 37 0x01c2db08 code [0x01c2dc10, 0x01c2dd0c]
Event: 0.986 Thread 0x17cb2800   38             java.lang.String::<init> (67 bytes)
Event: 0.986 Thread 0x17cb2800 nmethod 38 0x01c2de48 code [0x01c2dfa0, 0x01c2e200]
Event: 0.986 Thread 0x17cb2800   39             java.util.Arrays::copyOfRange (63 bytes)
Event: 0.987 Thread 0x17cb2800 nmethod 39 0x01c2e448 code [0x01c2e5a0, 0x01c2e948]
Event: 1.120 Thread 0x17cb2800   40             java.util.ArrayList::size (5 bytes)
Event: 1.120 Thread 0x17cb2800 nmethod 40 0x01c2ec48 code [0x01c2ed40, 0x01c2edc0]

GC Heap History (0 events):
No events

Deoptimization events (0 events):
No events

Internal exceptions (10 events):
Event: 0.986 Thread 0x0039c400 Threw 0x03d65000 at C:\re\jdk7u45\229\hotspot\src\share\vm\prims\jvm.cpp:1244
Event: 0.987 Thread 0x0039c400 Threw 0x03d67638 at C:\re\jdk7u45\229\hotspot\src\share\vm\prims\jvm.cpp:1244
Event: 1.041 Thread 0x0039c400 Threw 0x03d6bf50 at C:\re\jdk7u45\229\hotspot\src\share\vm\prims\jvm.cpp:1244
Event: 1.041 Thread 0x0039c400 Threw 0x03d6e1b0 at C:\re\jdk7u45\229\hotspot\src\share\vm\prims\jvm.cpp:1244
Event: 1.099 Thread 0x0039c400 Threw 0x03d712f8 at C:\re\jdk7u45\229\hotspot\src\share\vm\prims\jvm.cpp:1244
Event: 1.120 Thread 0x0039c400 Threw 0x03d74030 at C:\re\jdk7u45\229\hotspot\src\share\vm\prims\jvm.cpp:1244
Event: 1.120 Thread 0x0039c400 Threw 0x03d765b0 at C:\re\jdk7u45\229\hotspot\src\share\vm\prims\jvm.cpp:1244
Event: 1.121 Thread 0x0039c400 Threw 0x03d778c0 at C:\re\jdk7u45\229\hotspot\src\share\vm\prims\jvm.cpp:1244
Event: 9.789 Thread 0x0039c400 Threw 0x03d79508 at C:\re\jdk7u45\229\hotspot\src\share\vm\prims\jvm.cpp:1244
Event: 9.810 Thread 0x0039c400 Threw 0x03d7c1b0 at C:\re\jdk7u45\229\hotspot\src\share\vm\runtime\reflection.cpp:1030

Events (10 events):
Event: 11350.723 Executing VM operation: GetOrSetLocal
Event: 11350.723 Executing VM operation: GetOrSetLocal done
Event: 11551.245 Executing VM operation: RedefineClasses
Event: 11551.245 Executing VM operation: RedefineClasses done
Event: 11551.290 Executing VM operation: GetOrSetLocal
Event: 11551.290 Executing VM operation: GetOrSetLocal done
Event: 11580.448 Executing VM operation: RedefineClasses
Event: 11580.448 Executing VM operation: RedefineClasses done
Event: 11580.508 Executing VM operation: GetOrSetLocal
Event: 11580.508 Executing VM operation: GetOrSetLocal done


Dynamic libraries:
0x00df0000 - 0x00e1f000 	D:\Java\jre7\bin\javaw.exe
0x76f70000 - 0x770ac000 	C:\Windows\SYSTEM32\ntdll.dll
0x76910000 - 0x769e4000 	C:\Windows\system32\kernel32.dll
0x75160000 - 0x751ab000 	C:\Windows\system32\KERNELBASE.dll
0x75800000 - 0x758a0000 	C:\Windows\system32\ADVAPI32.dll
0x75750000 - 0x757fc000 	C:\Windows\system32\msvcrt.dll
0x770c0000 - 0x770d9000 	C:\Windows\SYSTEM32\sechost.dll
0x770e0000 - 0x77181000 	C:\Windows\system32\RPCRT4.dll
0x76b80000 - 0x76c49000 	C:\Windows\system32\USER32.dll
0x75980000 - 0x759ce000 	C:\Windows\system32\GDI32.dll
0x75970000 - 0x7597a000 	C:\Windows\system32\LPK.dll
0x756b0000 - 0x7574d000 	C:\Windows\system32\USP10.dll
0x73ec0000 - 0x7405e000 	C:\Windows\WinSxS\x86_microsoft.windows.common-controls_6595b64144ccf1df_6.0.7600.16661_none_420fe3fa2b8113bd\COMCTL32.dll
0x76890000 - 0x768e7000 	C:\Windows\system32\SHLWAPI.dll
0x768f0000 - 0x7690f000 	C:\Windows\system32\IMM32.DLL
0x758a0000 - 0x7596c000 	C:\Windows\system32\MSCTF.dll
0x581b0000 - 0x5826f000 	D:\Java\jre7\bin\msvcr100.dll
0x58490000 - 0x58810000 	D:\Java\jre7\bin\client\jvm.dll
0x70c70000 - 0x70c77000 	C:\Windows\system32\WSOCK32.dll
0x753c0000 - 0x753f5000 	C:\Windows\system32\WS2_32.dll
0x770b0000 - 0x770b6000 	C:\Windows\system32\NSI.dll
0x74570000 - 0x745a2000 	C:\Windows\system32\WINMM.dll
0x756a0000 - 0x756a5000 	C:\Windows\system32\PSAPI.DLL
0x73eb0000 - 0x73ebc000 	D:\Java\jre7\bin\verify.dll
0x5fcf0000 - 0x5fd10000 	D:\Java\jre7\bin\java.dll
0x58300000 - 0x5832a000 	D:\Java\jre7\bin\jdwp.dll
0x63910000 - 0x63917000 	D:\Java\jre7\bin\npt.dll
0x5fe30000 - 0x5fe43000 	D:\Java\jre7\bin\zip.dll
0x63790000 - 0x63798000 	D:\Java\jre7\bin\dt_socket.dll
0x733f0000 - 0x73400000 	C:\Windows\system32\NLAapi.dll
0x74b30000 - 0x74b6c000 	C:\Windows\System32\mswsock.dll
0x749f0000 - 0x74a34000 	C:\Windows\system32\DNSAPI.dll
0x70950000 - 0x70958000 	C:\Windows\System32\winrnr.dll
0x70940000 - 0x70950000 	C:\Windows\system32\napinsp.dll
0x70920000 - 0x70932000 	C:\Windows\system32\pnrpnsp.dll
0x74550000 - 0x7456c000 	C:\Windows\system32\IPHLPAPI.DLL
0x74540000 - 0x74547000 	C:\Windows\system32\WINNSI.DLL
0x726e0000 - 0x72718000 	C:\Windows\System32\fwpuclnt.dll
0x744f0000 - 0x744f6000 	C:\Windows\system32\rasadhlp.dll
0x745c0000 - 0x7465e000 	C:\Program Files\Common Files\System\ssespi\lsp\sse4.0.1.dll
0x75a30000 - 0x76679000 	C:\Windows\system32\SHELL32.dll
0x766b0000 - 0x7680c000 	C:\Windows\system32\ole32.dll
0x76ce0000 - 0x76d6f000 	C:\Windows\system32\OLEAUT32.dll
0x745b0000 - 0x745b9000 	C:\Windows\system32\VERSION.dll
0x74520000 - 0x74525000 	C:\Windows\System32\wshtcpip.dll
0x5e750000 - 0x5e764000 	D:\Java\jre7\bin\net.dll
0x74b20000 - 0x74b26000 	C:\Windows\System32\wship6.dll
0x70360000 - 0x7044b000 	C:\Windows\system32\dbghelp.dll

VM Arguments:
jvm_args: -agentlib:jdwp=transport=dt_socket,suspend=y,address=localhost:59077 -Dfile.encoding=GBK 
java_command: org.eclipse.jdt.internal.junit.runner.RemoteTestRunner -version 3 -port 59076 -testLoaderClass org.eclipse.jdt.internal.junit.runner.junit3.JUnit3TestLoader -loaderpluginname org.eclipse.jdt.junit.runtime -classNames testcase.DemoTest
Launcher Type: SUN_STANDARD

Environment Variables:
JAVA_HOME=D:\Java\jdk1.7.0_45
CLASSPATH=.;D:\Java\jdk1.7.0_45\lib\dt.jar;D:\Java\jdk1.7.0_45\lib\tools.jar;
PATH=D:/Java/jre7/bin/client;D:/Java/jre7/bin;D:/Java/jre7/lib/i386;D:\Program Files\Git\bin;D:\toolkit\apache-maven-3.3.9\bin;C:\Users\lzc\ningbo-php\PHPnow-1.5.6.1428396605\MySQL-5.0.90\bin;c:\Program Files\AMD APP\bin\x86;C:\Windows\system32;C:\Windows;C:\Windows\System32\Wbem;C:\Windows\System32\WindowsPowerShell\v1.0\;c:\Program Files\ATI Technologies\ATI.ACE\Core-Static;D:\Java\jdk1.7.0_45/bin;D:\Java\jdk1.7.0_45/jre/bin;C:\Program Files\Microsoft\Web Platform Installer\;C:\Program Files\Microsoft ASP.NET\ASP.NET Web Pages\v1.0\;C:\Program Files\Windows Kits\8.0\Windows Performance Toolkit\;C:\Program Files\Microsoft SQL Server\110\Tools\Binn\;C:\Program Files\nodejs\;d:\CTEX\UserData\miktex\bin;d:\CTEX\MiKTeX\miktex\bin;d:\CTEX\CTeX\ctex\bin;d:\CTEX\CTeX\cct\bin;d:\CTEX\CTeX\ty\bin;d:\CTEX\Ghostscript\gs9.05\bin;d:\CTEX\GSview\gsview;d:\CTEX\WinEdt;C:\Users\Administrator\AppData\Roaming\npm;D:\eclipse;
USERNAME=Administrator
OS=Windows_NT
PROCESSOR_IDENTIFIER=x86 Family 6 Model 58 Stepping 9, GenuineIntel



---------------  S Y S T E M  ---------------

OS: Windows 7 Build 7600 

CPU:total 4 (4 cores per cpu, 1 threads per core) family 6 model 58 stepping 9, cmov, cx8, fxsr, mmx, sse, sse2, sse3, ssse3, sse4.1, sse4.2, popcnt, aes, erms, tsc, tscinvbit, tscinv

Memory: 4k page, physical 3645936k(377396k free), swap 7290108k(1981592k free)

vm_info: Java HotSpot(TM) Client VM (24.45-b08) for windows-x86 JRE (1.7.0_45-b18), built on Oct  8 2013 06:02:43 by "java_re" with unknown MS VC++:1600

time: Sun Apr 24 19:25:14 2016
elapsed time: 11707 seconds

